Nov 18, 2023 5:00:50 PM com.security.PrintServerImpl loadUserCredentials
INFO: User credentials have been loaded from userCredentials.properties
Nov 18, 2023 5:00:50 PM com.security.PrintServerImpl loadAccessControlPolicy
INFO: Access control policy loaded: {admin=[print, stop, restart, start, topQueue, queue, status], technician=[restart, queue, status], user=[print, queue]}
Nov 18, 2023 5:00:50 PM com.security.PrintServerImpl initializeUserRoles
INFO: User roles initialized: {user1=user, test=admin, technician=technician}
Nov 18, 2023 5:00:57 PM com.security.PrintServerImpl login
INFO: User test logged in with role admin and token 1c332f1e-891d-4e3d-bc55-3185d97ff08f
Nov 18, 2023 5:00:57 PM com.security.PrintServerImpl getUserRole
INFO: Retrieved role for token authenticated: null
Nov 18, 2023 5:00:57 PM com.security.PrintServerImpl isUserAllowed
INFO: Checking access for method: print, Token: authenticated, UserRole: null
Nov 18, 2023 5:00:57 PM com.security.PrintServerImpl isUserAllowed
INFO: No allowed methods found for role: null
Nov 18, 2023 5:00:57 PM com.security.PrintServerImpl print
SEVERE: Unauthorized access attempt to print by token: authenticated
Nov 18, 2023 5:05:51 PM com.security.PrintServerImpl loadUserCredentials
INFO: User credentials have been loaded from userCredentials.properties
Nov 18, 2023 5:05:51 PM com.security.PrintServerImpl loadAccessControlPolicy
INFO: Access control policy loaded: {admin=[print, stop, restart, start, topQueue, queue, status], technician=[restart, queue, status], user=[print, queue]}
Nov 18, 2023 5:05:51 PM com.security.PrintServerImpl initializeUserRoles
INFO: User roles initialized: {user1=user, test=admin, technician=technician}
Nov 18, 2023 5:06:00 PM com.security.PrintServerImpl login
INFO: User test logged in. Role: admin, Token: 4f28429c-c6db-44ec-96e4-aa5ebf42ccd5
Nov 18, 2023 5:06:00 PM com.security.PrintServerImpl getUserRole
WARNING: Role not found for token: authenticated
Nov 18, 2023 5:06:00 PM com.security.PrintServerImpl isUserAllowed
INFO: Checking access for method: print, Token: authenticated, UserRole: null
Nov 18, 2023 5:06:00 PM com.security.PrintServerImpl isUserAllowed
INFO: No allowed methods found for role: null
Nov 18, 2023 5:06:00 PM com.security.PrintServerImpl print
SEVERE: Unauthorized access attempt to print by token: authenticated
Nov 18, 2023 5:15:16 PM com.security.PrintServerImpl loadUserCredentials
INFO: User credentials have been loaded from userCredentials.properties
Nov 18, 2023 5:15:16 PM com.security.PrintServerImpl loadAccessControlPolicy
INFO: Access control policy loaded: {admin=[print, stop, restart, start, topQueue, queue, status], technician=[restart, queue, status], user=[print, queue]}
Nov 18, 2023 5:15:16 PM com.security.PrintServerImpl initializeUserRoles
INFO: User roles initialized: {user1=user, test=admin, technician=technician}
Nov 18, 2023 5:15:31 PM com.security.PrintServerImpl login
INFO: User test logged in. Role: admin, Token: 1db92e55-7128-497e-bb1c-33f17a675afc
Nov 18, 2023 5:15:31 PM com.security.PrintServerImpl getUserRole
INFO: Retrieved role for token 1db92e55-7128-497e-bb1c-33f17a675afc: admin
Nov 18, 2023 5:15:31 PM com.security.PrintServerImpl isUserAllowed
INFO: Checking access for method: print, Token: 1db92e55-7128-497e-bb1c-33f17a675afc, UserRole: admin
Nov 18, 2023 5:15:31 PM com.security.PrintServerImpl isUserAllowed
INFO: Allowed methods for role: [print, stop, restart, start, topQueue, queue, status]
Nov 18, 2023 5:17:32 PM com.security.PrintServerImpl loadUserCredentials
INFO: User credentials have been loaded from userCredentials.properties
Nov 18, 2023 5:17:32 PM com.security.PrintServerImpl loadAccessControlPolicy
INFO: Access control policy loaded: {admin=[print, stop, restart, start, topQueue, queue, status], technician=[restart, queue, status], user=[print, queue]}
Nov 18, 2023 5:17:32 PM com.security.PrintServerImpl initializeUserRoles
INFO: User roles initialized: {user1=user, test=admin, technician=technician}
Nov 18, 2023 5:17:39 PM com.security.PrintServerImpl login
INFO: User user1 logged in. Role: user, Token: fcc20f75-7f73-4043-af37-b7dd071d3395
Nov 18, 2023 5:17:39 PM com.security.PrintServerImpl getUserRole
INFO: Retrieved role for token fcc20f75-7f73-4043-af37-b7dd071d3395: user
Nov 18, 2023 5:17:39 PM com.security.PrintServerImpl isUserAllowed
INFO: Checking access for method: print, Token: fcc20f75-7f73-4043-af37-b7dd071d3395, UserRole: user
Nov 18, 2023 5:17:39 PM com.security.PrintServerImpl isUserAllowed
INFO: Allowed methods for role: [print, queue]
Nov 18, 2023 5:18:00 PM com.security.PrintServerImpl loadUserCredentials
INFO: User credentials have been loaded from userCredentials.properties
Nov 18, 2023 5:18:00 PM com.security.PrintServerImpl loadAccessControlPolicy
INFO: Access control policy loaded: {admin=[print, stop, restart, start, topQueue, queue, status], technician=[restart, queue, status], user=[print, queue]}
Nov 18, 2023 5:18:00 PM com.security.PrintServerImpl initializeUserRoles
INFO: User roles initialized: {user1=user, test=admin, technician=technician}
Nov 18, 2023 5:18:05 PM com.security.PrintServerImpl login
INFO: User user1 logged in. Role: user, Token: c7d404b3-8c6d-4971-b190-784ad912d04c
Nov 18, 2023 5:18:05 PM com.security.PrintServerImpl getUserRole
INFO: Retrieved role for token c7d404b3-8c6d-4971-b190-784ad912d04c: user
Nov 18, 2023 5:18:05 PM com.security.PrintServerImpl isUserAllowed
INFO: Checking access for method: print, Token: c7d404b3-8c6d-4971-b190-784ad912d04c, UserRole: user
Nov 18, 2023 5:18:05 PM com.security.PrintServerImpl isUserAllowed
INFO: Allowed methods for role: [print, queue]
Nov 18, 2023 5:18:34 PM com.security.PrintServerImpl loadUserCredentials
INFO: User credentials have been loaded from userCredentials.properties
Nov 18, 2023 5:18:34 PM com.security.PrintServerImpl loadAccessControlPolicy
INFO: Access control policy loaded: {admin=[print, stop, restart, start, topQueue, queue, status], technician=[restart, queue, status], user=[queue]}
Nov 18, 2023 5:18:34 PM com.security.PrintServerImpl initializeUserRoles
INFO: User roles initialized: {user1=user, test=admin, technician=technician}
Nov 18, 2023 5:18:37 PM com.security.PrintServerImpl login
INFO: User user1 logged in. Role: user, Token: 99a93063-da94-4819-b2e9-14878ffc0847
Nov 18, 2023 5:18:37 PM com.security.PrintServerImpl getUserRole
INFO: Retrieved role for token 99a93063-da94-4819-b2e9-14878ffc0847: user
Nov 18, 2023 5:18:37 PM com.security.PrintServerImpl isUserAllowed
INFO: Checking access for method: print, Token: 99a93063-da94-4819-b2e9-14878ffc0847, UserRole: user
Nov 18, 2023 5:18:37 PM com.security.PrintServerImpl isUserAllowed
INFO: Allowed methods for role: [queue]
Nov 18, 2023 5:18:37 PM com.security.PrintServerImpl print
SEVERE: Unauthorized access attempt to print by token: 99a93063-da94-4819-b2e9-14878ffc0847
