Nov 18, 2023 5:00:50 PM com.security.PrintServerImpl loadUserCredentials
INFO: User credentials have been loaded from userCredentials.properties
Nov 18, 2023 5:00:50 PM com.security.PrintServerImpl loadAccessControlPolicy
INFO: Access control policy loaded: {admin=[print, stop, restart, start, topQueue, queue, status], technician=[restart, queue, status], user=[print, queue]}
Nov 18, 2023 5:00:50 PM com.security.PrintServerImpl initializeUserRoles
INFO: User roles initialized: {user1=user, test=admin, technician=technician}
Nov 18, 2023 5:00:57 PM com.security.PrintServerImpl login
INFO: User test logged in with role admin and token 1c332f1e-891d-4e3d-bc55-3185d97ff08f
Nov 18, 2023 5:00:57 PM com.security.PrintServerImpl getUserRole
INFO: Retrieved role for token authenticated: null
Nov 18, 2023 5:00:57 PM com.security.PrintServerImpl isUserAllowed
INFO: Checking access for method: print, Token: authenticated, UserRole: null
Nov 18, 2023 5:00:57 PM com.security.PrintServerImpl isUserAllowed
INFO: No allowed methods found for role: null
Nov 18, 2023 5:00:57 PM com.security.PrintServerImpl print
SEVERE: Unauthorized access attempt to print by token: authenticated
Nov 18, 2023 5:05:51 PM com.security.PrintServerImpl loadUserCredentials
INFO: User credentials have been loaded from userCredentials.properties
Nov 18, 2023 5:05:51 PM com.security.PrintServerImpl loadAccessControlPolicy
INFO: Access control policy loaded: {admin=[print, stop, restart, start, topQueue, queue, status], technician=[restart, queue, status], user=[print, queue]}
Nov 18, 2023 5:05:51 PM com.security.PrintServerImpl initializeUserRoles
INFO: User roles initialized: {user1=user, test=admin, technician=technician}
Nov 18, 2023 5:06:00 PM com.security.PrintServerImpl login
INFO: User test logged in. Role: admin, Token: 4f28429c-c6db-44ec-96e4-aa5ebf42ccd5
Nov 18, 2023 5:06:00 PM com.security.PrintServerImpl getUserRole
WARNING: Role not found for token: authenticated
Nov 18, 2023 5:06:00 PM com.security.PrintServerImpl isUserAllowed
INFO: Checking access for method: print, Token: authenticated, UserRole: null
Nov 18, 2023 5:06:00 PM com.security.PrintServerImpl isUserAllowed
INFO: No allowed methods found for role: null
Nov 18, 2023 5:06:00 PM com.security.PrintServerImpl print
SEVERE: Unauthorized access attempt to print by token: authenticated
Nov 18, 2023 5:15:16 PM com.security.PrintServerImpl loadUserCredentials
INFO: User credentials have been loaded from userCredentials.properties
Nov 18, 2023 5:15:16 PM com.security.PrintServerImpl loadAccessControlPolicy
INFO: Access control policy loaded: {admin=[print, stop, restart, start, topQueue, queue, status], technician=[restart, queue, status], user=[print, queue]}
Nov 18, 2023 5:15:16 PM com.security.PrintServerImpl initializeUserRoles
INFO: User roles initialized: {user1=user, test=admin, technician=technician}
Nov 18, 2023 5:15:31 PM com.security.PrintServerImpl login
INFO: User test logged in. Role: admin, Token: 1db92e55-7128-497e-bb1c-33f17a675afc
Nov 18, 2023 5:15:31 PM com.security.PrintServerImpl getUserRole
INFO: Retrieved role for token 1db92e55-7128-497e-bb1c-33f17a675afc: admin
Nov 18, 2023 5:15:31 PM com.security.PrintServerImpl isUserAllowed
INFO: Checking access for method: print, Token: 1db92e55-7128-497e-bb1c-33f17a675afc, UserRole: admin
Nov 18, 2023 5:15:31 PM com.security.PrintServerImpl isUserAllowed
INFO: Allowed methods for role: [print, stop, restart, start, topQueue, queue, status]
Nov 18, 2023 5:17:32 PM com.security.PrintServerImpl loadUserCredentials
INFO: User credentials have been loaded from userCredentials.properties
Nov 18, 2023 5:17:32 PM com.security.PrintServerImpl loadAccessControlPolicy
INFO: Access control policy loaded: {admin=[print, stop, restart, start, topQueue, queue, status], technician=[restart, queue, status], user=[print, queue]}
Nov 18, 2023 5:17:32 PM com.security.PrintServerImpl initializeUserRoles
INFO: User roles initialized: {user1=user, test=admin, technician=technician}
Nov 18, 2023 5:17:39 PM com.security.PrintServerImpl login
INFO: User user1 logged in. Role: user, Token: fcc20f75-7f73-4043-af37-b7dd071d3395
Nov 18, 2023 5:17:39 PM com.security.PrintServerImpl getUserRole
INFO: Retrieved role for token fcc20f75-7f73-4043-af37-b7dd071d3395: user
Nov 18, 2023 5:17:39 PM com.security.PrintServerImpl isUserAllowed
INFO: Checking access for method: print, Token: fcc20f75-7f73-4043-af37-b7dd071d3395, UserRole: user
Nov 18, 2023 5:17:39 PM com.security.PrintServerImpl isUserAllowed
INFO: Allowed methods for role: [print, queue]
Nov 18, 2023 5:18:00 PM com.security.PrintServerImpl loadUserCredentials
INFO: User credentials have been loaded from userCredentials.properties
Nov 18, 2023 5:18:00 PM com.security.PrintServerImpl loadAccessControlPolicy
INFO: Access control policy loaded: {admin=[print, stop, restart, start, topQueue, queue, status], technician=[restart, queue, status], user=[print, queue]}
Nov 18, 2023 5:18:00 PM com.security.PrintServerImpl initializeUserRoles
INFO: User roles initialized: {user1=user, test=admin, technician=technician}
Nov 18, 2023 5:18:05 PM com.security.PrintServerImpl login
INFO: User user1 logged in. Role: user, Token: c7d404b3-8c6d-4971-b190-784ad912d04c
Nov 18, 2023 5:18:05 PM com.security.PrintServerImpl getUserRole
INFO: Retrieved role for token c7d404b3-8c6d-4971-b190-784ad912d04c: user
Nov 18, 2023 5:18:05 PM com.security.PrintServerImpl isUserAllowed
INFO: Checking access for method: print, Token: c7d404b3-8c6d-4971-b190-784ad912d04c, UserRole: user
Nov 18, 2023 5:18:05 PM com.security.PrintServerImpl isUserAllowed
INFO: Allowed methods for role: [print, queue]
Nov 18, 2023 5:18:34 PM com.security.PrintServerImpl loadUserCredentials
INFO: User credentials have been loaded from userCredentials.properties
Nov 18, 2023 5:18:34 PM com.security.PrintServerImpl loadAccessControlPolicy
INFO: Access control policy loaded: {admin=[print, stop, restart, start, topQueue, queue, status], technician=[restart, queue, status], user=[queue]}
Nov 18, 2023 5:18:34 PM com.security.PrintServerImpl initializeUserRoles
INFO: User roles initialized: {user1=user, test=admin, technician=technician}
Nov 18, 2023 5:18:37 PM com.security.PrintServerImpl login
INFO: User user1 logged in. Role: user, Token: 99a93063-da94-4819-b2e9-14878ffc0847
Nov 18, 2023 5:18:37 PM com.security.PrintServerImpl getUserRole
INFO: Retrieved role for token 99a93063-da94-4819-b2e9-14878ffc0847: user
Nov 18, 2023 5:18:37 PM com.security.PrintServerImpl isUserAllowed
INFO: Checking access for method: print, Token: 99a93063-da94-4819-b2e9-14878ffc0847, UserRole: user
Nov 18, 2023 5:18:37 PM com.security.PrintServerImpl isUserAllowed
INFO: Allowed methods for role: [queue]
Nov 18, 2023 5:18:37 PM com.security.PrintServerImpl print
SEVERE: Unauthorized access attempt to print by token: 99a93063-da94-4819-b2e9-14878ffc0847
Nov 18, 2023 6:12:51 PM com.security.PrintServerImpl loadUserCredentials
INFO: User credentials have been loaded from userCredentials.properties
Nov 18, 2023 6:12:51 PM com.security.PrintServerImpl loadAccessControlPolicy
INFO: Access control policy loaded: {admin=[print, stop, restart, start, topQueue, queue, status], technician=[restart, queue, status], user=[queue]}
Nov 18, 2023 6:13:00 PM com.security.PrintServerImpl login
INFO: User user1 logged in. Role: user, Token: 3e9d940c-82fc-4ba1-8e42-63e0c146d38c
Nov 18, 2023 6:13:00 PM com.security.PrintServerImpl getUserRole
INFO: Retrieved role for token 3e9d940c-82fc-4ba1-8e42-63e0c146d38c: user
Nov 18, 2023 6:13:00 PM com.security.PrintServerImpl isUserAllowed
INFO: Checking access for method: print, Token: 3e9d940c-82fc-4ba1-8e42-63e0c146d38c, UserRole: user
Nov 18, 2023 6:13:00 PM com.security.PrintServerImpl isUserAllowed
INFO: Allowed methods for role: [queue]
Nov 18, 2023 6:13:00 PM com.security.PrintServerImpl print
SEVERE: Unauthorized access attempt to print by token: 3e9d940c-82fc-4ba1-8e42-63e0c146d38c
Nov 18, 2023 6:13:27 PM com.security.PrintServerImpl loadUserCredentials
INFO: User credentials have been loaded from userCredentials.properties
Nov 18, 2023 6:13:27 PM com.security.PrintServerImpl loadAccessControlPolicy
INFO: Access control policy loaded: {admin=[print, stop, restart, start, topQueue, queue, status], technician=[restart, queue, status], user=[queue]}
Nov 18, 2023 6:13:37 PM com.security.PrintServerImpl login
INFO: User test logged in. Role: admin, Token: ecb9a42e-10b8-419e-8a84-2666e08a5c15
Nov 18, 2023 6:13:37 PM com.security.PrintServerImpl getUserRole
INFO: Retrieved role for token ecb9a42e-10b8-419e-8a84-2666e08a5c15: admin
Nov 18, 2023 6:13:37 PM com.security.PrintServerImpl isUserAllowed
INFO: Checking access for method: print, Token: ecb9a42e-10b8-419e-8a84-2666e08a5c15, UserRole: admin
Nov 18, 2023 6:13:37 PM com.security.PrintServerImpl isUserAllowed
INFO: Allowed methods for role: [print, stop, restart, start, topQueue, queue, status]
11月 20, 2023 4:01:50 下午 com.security.PrintServerImpl loadUserCredentials
信息: User credentials have been loaded from userCredentials.properties
11月 20, 2023 4:01:50 下午 com.security.PrintServerImpl loadAccessControlPolicy
信息: Access control policy loaded: {powerUser=[print, restart, topQueue, queue], admin=[print, stop, restart, start, topQueue, queue, status], technician=[readConfig, stop, restart, start, setConfig], user=[print, queue]}
11月 20, 2023 4:01:58 下午 com.security.PrintServerImpl login
信息: User test logged in. Role: admin, Token: a267c53c-699d-404c-9879-b9a9afff4363
11月 20, 2023 4:01:58 下午 com.security.PrintServerImpl getUserRole
信息: Retrieved role for token a267c53c-699d-404c-9879-b9a9afff4363: admin
11月 20, 2023 4:01:58 下午 com.security.PrintServerImpl isUserAllowed
信息: Checking access for method: print, Token: a267c53c-699d-404c-9879-b9a9afff4363, UserRole: admin
11月 20, 2023 4:01:58 下午 com.security.PrintServerImpl isUserAllowed
信息: Allowed methods for role: [print, stop, restart, start, topQueue, queue, status]
11月 20, 2023 4:02:12 下午 com.security.PrintServerImpl login
信息: User user1 logged in. Role: user, Token: 29d38f92-daca-4cb7-aa62-f616ff033eb5
11月 20, 2023 4:02:12 下午 com.security.PrintServerImpl getUserRole
信息: Retrieved role for token 29d38f92-daca-4cb7-aa62-f616ff033eb5: user
11月 20, 2023 4:02:12 下午 com.security.PrintServerImpl isUserAllowed
信息: Checking access for method: print, Token: 29d38f92-daca-4cb7-aa62-f616ff033eb5, UserRole: user
11月 20, 2023 4:02:12 下午 com.security.PrintServerImpl isUserAllowed
信息: Allowed methods for role: [print, queue]
11月 20, 2023 4:02:42 下午 com.security.PrintServerImpl login
信息: User user1 logged in. Role: user, Token: c3948b1b-bc54-4dc2-bf85-cb76f5a5357e
11月 20, 2023 4:02:42 下午 com.security.PrintServerImpl getUserRole
信息: Retrieved role for token c3948b1b-bc54-4dc2-bf85-cb76f5a5357e: user
11月 20, 2023 4:02:42 下午 com.security.PrintServerImpl isUserAllowed
信息: Checking access for method: print, Token: c3948b1b-bc54-4dc2-bf85-cb76f5a5357e, UserRole: user
11月 20, 2023 4:02:42 下午 com.security.PrintServerImpl isUserAllowed
信息: Allowed methods for role: [print, queue]
11月 20, 2023 4:02:42 下午 com.security.PrintServerImpl getUserRole
信息: Retrieved role for token c3948b1b-bc54-4dc2-bf85-cb76f5a5357e: user
11月 20, 2023 4:02:42 下午 com.security.PrintServerImpl isUserAllowed
信息: Checking access for method: status, Token: c3948b1b-bc54-4dc2-bf85-cb76f5a5357e, UserRole: user
11月 20, 2023 4:02:42 下午 com.security.PrintServerImpl isUserAllowed
信息: Allowed methods for role: [print, queue]
11月 20, 2023 4:02:42 下午 com.security.PrintServerImpl status
严重: Unauthorized access attempt to start by token: c3948b1b-bc54-4dc2-bf85-cb76f5a5357e
