Nov 18, 2023 5:00:50 PM com.security.PrintServerImpl loadUserCredentials
INFO: User credentials have been loaded from userCredentials.properties
Nov 18, 2023 5:00:50 PM com.security.PrintServerImpl loadAccessControlPolicy
INFO: Access control policy loaded: {admin=[print, stop, restart, start, topQueue, queue, status], technician=[restart, queue, status], user=[print, queue]}
Nov 18, 2023 5:00:50 PM com.security.PrintServerImpl initializeUserRoles
INFO: User roles initialized: {user1=user, test=admin, technician=technician}
Nov 18, 2023 5:00:57 PM com.security.PrintServerImpl login
INFO: User test logged in with role admin and token 1c332f1e-891d-4e3d-bc55-3185d97ff08f
Nov 18, 2023 5:00:57 PM com.security.PrintServerImpl getUserRole
INFO: Retrieved role for token authenticated: null
Nov 18, 2023 5:00:57 PM com.security.PrintServerImpl isUserAllowed
INFO: Checking access for method: print, Token: authenticated, UserRole: null
Nov 18, 2023 5:00:57 PM com.security.PrintServerImpl isUserAllowed
INFO: No allowed methods found for role: null
Nov 18, 2023 5:00:57 PM com.security.PrintServerImpl print
SEVERE: Unauthorized access attempt to print by token: authenticated
Nov 18, 2023 5:05:51 PM com.security.PrintServerImpl loadUserCredentials
INFO: User credentials have been loaded from userCredentials.properties
Nov 18, 2023 5:05:51 PM com.security.PrintServerImpl loadAccessControlPolicy
INFO: Access control policy loaded: {admin=[print, stop, restart, start, topQueue, queue, status], technician=[restart, queue, status], user=[print, queue]}
Nov 18, 2023 5:05:51 PM com.security.PrintServerImpl initializeUserRoles
INFO: User roles initialized: {user1=user, test=admin, technician=technician}
Nov 18, 2023 5:06:00 PM com.security.PrintServerImpl login
INFO: User test logged in. Role: admin, Token: 4f28429c-c6db-44ec-96e4-aa5ebf42ccd5
Nov 18, 2023 5:06:00 PM com.security.PrintServerImpl getUserRole
WARNING: Role not found for token: authenticated
Nov 18, 2023 5:06:00 PM com.security.PrintServerImpl isUserAllowed
INFO: Checking access for method: print, Token: authenticated, UserRole: null
Nov 18, 2023 5:06:00 PM com.security.PrintServerImpl isUserAllowed
INFO: No allowed methods found for role: null
Nov 18, 2023 5:06:00 PM com.security.PrintServerImpl print
SEVERE: Unauthorized access attempt to print by token: authenticated
Nov 18, 2023 5:15:16 PM com.security.PrintServerImpl loadUserCredentials
INFO: User credentials have been loaded from userCredentials.properties
Nov 18, 2023 5:15:16 PM com.security.PrintServerImpl loadAccessControlPolicy
INFO: Access control policy loaded: {admin=[print, stop, restart, start, topQueue, queue, status], technician=[restart, queue, status], user=[print, queue]}
Nov 18, 2023 5:15:16 PM com.security.PrintServerImpl initializeUserRoles
INFO: User roles initialized: {user1=user, test=admin, technician=technician}
Nov 18, 2023 5:15:31 PM com.security.PrintServerImpl login
INFO: User test logged in. Role: admin, Token: 1db92e55-7128-497e-bb1c-33f17a675afc
Nov 18, 2023 5:15:31 PM com.security.PrintServerImpl getUserRole
INFO: Retrieved role for token 1db92e55-7128-497e-bb1c-33f17a675afc: admin
Nov 18, 2023 5:15:31 PM com.security.PrintServerImpl isUserAllowed
INFO: Checking access for method: print, Token: 1db92e55-7128-497e-bb1c-33f17a675afc, UserRole: admin
Nov 18, 2023 5:15:31 PM com.security.PrintServerImpl isUserAllowed
INFO: Allowed methods for role: [print, stop, restart, start, topQueue, queue, status]
Nov 18, 2023 5:17:32 PM com.security.PrintServerImpl loadUserCredentials
INFO: User credentials have been loaded from userCredentials.properties
Nov 18, 2023 5:17:32 PM com.security.PrintServerImpl loadAccessControlPolicy
INFO: Access control policy loaded: {admin=[print, stop, restart, start, topQueue, queue, status], technician=[restart, queue, status], user=[print, queue]}
Nov 18, 2023 5:17:32 PM com.security.PrintServerImpl initializeUserRoles
INFO: User roles initialized: {user1=user, test=admin, technician=technician}
Nov 18, 2023 5:17:39 PM com.security.PrintServerImpl login
INFO: User user1 logged in. Role: user, Token: fcc20f75-7f73-4043-af37-b7dd071d3395
Nov 18, 2023 5:17:39 PM com.security.PrintServerImpl getUserRole
INFO: Retrieved role for token fcc20f75-7f73-4043-af37-b7dd071d3395: user
Nov 18, 2023 5:17:39 PM com.security.PrintServerImpl isUserAllowed
INFO: Checking access for method: print, Token: fcc20f75-7f73-4043-af37-b7dd071d3395, UserRole: user
Nov 18, 2023 5:17:39 PM com.security.PrintServerImpl isUserAllowed
INFO: Allowed methods for role: [print, queue]
Nov 18, 2023 5:18:00 PM com.security.PrintServerImpl loadUserCredentials
INFO: User credentials have been loaded from userCredentials.properties
Nov 18, 2023 5:18:00 PM com.security.PrintServerImpl loadAccessControlPolicy
INFO: Access control policy loaded: {admin=[print, stop, restart, start, topQueue, queue, status], technician=[restart, queue, status], user=[print, queue]}
Nov 18, 2023 5:18:00 PM com.security.PrintServerImpl initializeUserRoles
INFO: User roles initialized: {user1=user, test=admin, technician=technician}
Nov 18, 2023 5:18:05 PM com.security.PrintServerImpl login
INFO: User user1 logged in. Role: user, Token: c7d404b3-8c6d-4971-b190-784ad912d04c
Nov 18, 2023 5:18:05 PM com.security.PrintServerImpl getUserRole
INFO: Retrieved role for token c7d404b3-8c6d-4971-b190-784ad912d04c: user
Nov 18, 2023 5:18:05 PM com.security.PrintServerImpl isUserAllowed
INFO: Checking access for method: print, Token: c7d404b3-8c6d-4971-b190-784ad912d04c, UserRole: user
Nov 18, 2023 5:18:05 PM com.security.PrintServerImpl isUserAllowed
INFO: Allowed methods for role: [print, queue]
Nov 18, 2023 5:18:34 PM com.security.PrintServerImpl loadUserCredentials
INFO: User credentials have been loaded from userCredentials.properties
Nov 18, 2023 5:18:34 PM com.security.PrintServerImpl loadAccessControlPolicy
INFO: Access control policy loaded: {admin=[print, stop, restart, start, topQueue, queue, status], technician=[restart, queue, status], user=[queue]}
Nov 18, 2023 5:18:34 PM com.security.PrintServerImpl initializeUserRoles
INFO: User roles initialized: {user1=user, test=admin, technician=technician}
Nov 18, 2023 5:18:37 PM com.security.PrintServerImpl login
INFO: User user1 logged in. Role: user, Token: 99a93063-da94-4819-b2e9-14878ffc0847
Nov 18, 2023 5:18:37 PM com.security.PrintServerImpl getUserRole
INFO: Retrieved role for token 99a93063-da94-4819-b2e9-14878ffc0847: user
Nov 18, 2023 5:18:37 PM com.security.PrintServerImpl isUserAllowed
INFO: Checking access for method: print, Token: 99a93063-da94-4819-b2e9-14878ffc0847, UserRole: user
Nov 18, 2023 5:18:37 PM com.security.PrintServerImpl isUserAllowed
INFO: Allowed methods for role: [queue]
Nov 18, 2023 5:18:37 PM com.security.PrintServerImpl print
SEVERE: Unauthorized access attempt to print by token: 99a93063-da94-4819-b2e9-14878ffc0847
Nov 18, 2023 6:12:51 PM com.security.PrintServerImpl loadUserCredentials
INFO: User credentials have been loaded from userCredentials.properties
Nov 18, 2023 6:12:51 PM com.security.PrintServerImpl loadAccessControlPolicy
INFO: Access control policy loaded: {admin=[print, stop, restart, start, topQueue, queue, status], technician=[restart, queue, status], user=[queue]}
Nov 18, 2023 6:13:00 PM com.security.PrintServerImpl login
INFO: User user1 logged in. Role: user, Token: 3e9d940c-82fc-4ba1-8e42-63e0c146d38c
Nov 18, 2023 6:13:00 PM com.security.PrintServerImpl getUserRole
INFO: Retrieved role for token 3e9d940c-82fc-4ba1-8e42-63e0c146d38c: user
Nov 18, 2023 6:13:00 PM com.security.PrintServerImpl isUserAllowed
INFO: Checking access for method: print, Token: 3e9d940c-82fc-4ba1-8e42-63e0c146d38c, UserRole: user
Nov 18, 2023 6:13:00 PM com.security.PrintServerImpl isUserAllowed
INFO: Allowed methods for role: [queue]
Nov 18, 2023 6:13:00 PM com.security.PrintServerImpl print
SEVERE: Unauthorized access attempt to print by token: 3e9d940c-82fc-4ba1-8e42-63e0c146d38c
Nov 18, 2023 6:13:27 PM com.security.PrintServerImpl loadUserCredentials
INFO: User credentials have been loaded from userCredentials.properties
Nov 18, 2023 6:13:27 PM com.security.PrintServerImpl loadAccessControlPolicy
INFO: Access control policy loaded: {admin=[print, stop, restart, start, topQueue, queue, status], technician=[restart, queue, status], user=[queue]}
Nov 18, 2023 6:13:37 PM com.security.PrintServerImpl login
INFO: User test logged in. Role: admin, Token: ecb9a42e-10b8-419e-8a84-2666e08a5c15
Nov 18, 2023 6:13:37 PM com.security.PrintServerImpl getUserRole
INFO: Retrieved role for token ecb9a42e-10b8-419e-8a84-2666e08a5c15: admin
Nov 18, 2023 6:13:37 PM com.security.PrintServerImpl isUserAllowed
INFO: Checking access for method: print, Token: ecb9a42e-10b8-419e-8a84-2666e08a5c15, UserRole: admin
Nov 18, 2023 6:13:37 PM com.security.PrintServerImpl isUserAllowed
INFO: Allowed methods for role: [print, stop, restart, start, topQueue, queue, status]
Nov 18, 2023 6:23:46 PM com.security.PrintServerImpl loadUserCredentials
INFO: User credentials have been loaded from userCredentials.properties
Nov 18, 2023 6:23:46 PM com.security.PrintServerImpl loadAccessControlPolicy
INFO: Access control policy loaded: {powerUser=[readConfig, print, queue, status], admin=[readConfig, print, stop, restart, start, topQueue, queue, status, setConfig], technician=[restart, queue, status], user=[print, queue]}
Nov 18, 2023 6:23:57 PM com.security.PrintServerImpl login
INFO: User test logged in. Role: admin, Token: d32176b6-7596-421a-a130-31ac90d13506
Nov 18, 2023 6:23:57 PM com.security.PrintServerImpl getUserRole
INFO: Retrieved role for token d32176b6-7596-421a-a130-31ac90d13506: admin
Nov 18, 2023 6:23:57 PM com.security.PrintServerImpl isUserAllowed
INFO: Checking access for method: print, Token: d32176b6-7596-421a-a130-31ac90d13506, UserRole: admin
Nov 18, 2023 6:23:57 PM com.security.PrintServerImpl isUserAllowed
INFO: Allowed methods for role: [readConfig, print, stop, restart, start, topQueue, queue, status, setConfig]
Nov 18, 2023 6:29:56 PM com.security.PrintServerImpl loadUserCredentials
INFO: User credentials have been loaded from userCredentials.properties
Nov 18, 2023 6:29:56 PM com.security.PrintServerImpl loadAccessControlPolicy
INFO: Access control policy loaded: {powerUser=[readConfig, print, queue, status], admin=[readConfig, print, stop, restart, start, topQueue, queue, status, setConfig], technician=[restart, queue, status], user=[print, queue]}
Nov 18, 2023 6:30:02 PM com.security.PrintServerImpl login
INFO: User george logged in. Role: technician, Token: d9f1631b-ef59-4b95-ae67-b192d8677de0
Nov 18, 2023 6:30:02 PM com.security.PrintServerImpl getUserRole
INFO: Retrieved role for token d9f1631b-ef59-4b95-ae67-b192d8677de0: technician
Nov 18, 2023 6:30:02 PM com.security.PrintServerImpl isUserAllowed
INFO: Checking access for method: print, Token: d9f1631b-ef59-4b95-ae67-b192d8677de0, UserRole: technician
Nov 18, 2023 6:30:02 PM com.security.PrintServerImpl isUserAllowed
INFO: Allowed methods for role: [restart, queue, status]
Nov 18, 2023 6:30:02 PM com.security.PrintServerImpl print
SEVERE: Unauthorized access attempt to print by token: d9f1631b-ef59-4b95-ae67-b192d8677de0
Nov 18, 2023 6:30:26 PM com.security.PrintServerImpl login
INFO: User henry logged in. Role: user, Token: aab9e7f0-9d09-461f-b1ff-1d4595ee3481
Nov 18, 2023 6:30:26 PM com.security.PrintServerImpl getUserRole
INFO: Retrieved role for token aab9e7f0-9d09-461f-b1ff-1d4595ee3481: user
Nov 18, 2023 6:30:26 PM com.security.PrintServerImpl isUserAllowed
INFO: Checking access for method: print, Token: aab9e7f0-9d09-461f-b1ff-1d4595ee3481, UserRole: user
Nov 18, 2023 6:30:26 PM com.security.PrintServerImpl isUserAllowed
INFO: Allowed methods for role: [print, queue]
Nov 18, 2023 6:53:42 PM com.security.PrintServerImpl loadUserCredentials
INFO: User credentials have been loaded from userCredentials.properties
Nov 18, 2023 6:53:42 PM com.security.PrintServerImpl loadAccessControlPolicy
INFO: Access control policy loaded: {technician=[restart, queue, status], user=[print, queue]}
Nov 18, 2023 6:53:49 PM com.security.PrintServerImpl login
INFO: User test logged in. Role: admin, Token: 8649b36f-e746-4fa1-8462-b030e9b0331c
Nov 18, 2023 6:53:49 PM com.security.PrintServerImpl getUserRole
INFO: Retrieved role for token 8649b36f-e746-4fa1-8462-b030e9b0331c: admin
Nov 18, 2023 6:53:49 PM com.security.PrintServerImpl isUserAllowed
INFO: Checking access for method: print, Token: 8649b36f-e746-4fa1-8462-b030e9b0331c, UserRole: admin, Effective Permissions: []
Nov 18, 2023 6:53:49 PM com.security.PrintServerImpl print
SEVERE: Unauthorized access attempt to print by token: 8649b36f-e746-4fa1-8462-b030e9b0331c
Nov 18, 2023 6:59:50 PM com.security.PrintServerImpl loadUserCredentials
INFO: User credentials have been loaded from userCredentials.properties
Nov 18, 2023 6:59:50 PM com.security.PrintServerImpl loadAccessControlPolicy
INFO: Access control policy loaded: {technician=[restart, queue, status], user=[print, queue]}
Nov 18, 2023 6:59:54 PM com.security.PrintServerImpl login
INFO: User test logged in. Role: admin, Token: 0bf1adcf-cf92-488f-9050-d9598d2a9ef7
Nov 18, 2023 6:59:54 PM com.security.PrintServerImpl getUserRole
INFO: Retrieved role for token 0bf1adcf-cf92-488f-9050-d9598d2a9ef7: admin
Nov 18, 2023 6:59:54 PM com.security.PrintServerImpl isUserAllowed
INFO: Checking access for method: print, Token: 0bf1adcf-cf92-488f-9050-d9598d2a9ef7, UserRole: admin, Effective Permissions: []
Nov 18, 2023 6:59:54 PM com.security.PrintServerImpl print
SEVERE: Unauthorized access attempt to print by token: 0bf1adcf-cf92-488f-9050-d9598d2a9ef7
Nov 18, 2023 7:02:28 PM com.security.PrintServerImpl loadUserCredentials
INFO: User credentials have been loaded from userCredentials.properties
Nov 18, 2023 7:02:28 PM com.security.PrintServerImpl loadAccessControlPolicy
INFO: Access control policy loaded: {technician=[restart, queue, status], user=[print, queue]}
Nov 18, 2023 7:02:41 PM com.security.PrintServerImpl login
INFO: User test logged in. Role: admin, Token: 0e177a08-4066-4053-8b08-600fdac2d947
Nov 18, 2023 7:02:41 PM com.security.PrintServerImpl getUserRole
INFO: Retrieved role for token 0e177a08-4066-4053-8b08-600fdac2d947: admin
Nov 18, 2023 7:02:41 PM com.security.PrintServerImpl addInheritedPermissions
INFO: Added permissions for inherited role: technician, Permissions: []
Nov 18, 2023 7:02:41 PM com.security.PrintServerImpl addInheritedPermissions
INFO: Added permissions for inherited role: user, Permissions: []
Nov 18, 2023 7:02:41 PM com.security.PrintServerImpl isUserAllowed
INFO: Checking access for method: print, Token: 0e177a08-4066-4053-8b08-600fdac2d947, UserRole: admin, Effective Permissions: []
Nov 18, 2023 7:02:41 PM com.security.PrintServerImpl print
SEVERE: Unauthorized access attempt to print by token: 0e177a08-4066-4053-8b08-600fdac2d947
Nov 18, 2023 7:08:32 PM com.security.PrintServerImpl loadUserCredentials
INFO: User credentials have been loaded from userCredentials.properties
Nov 18, 2023 7:08:32 PM com.security.PrintServerImpl loadAccessControlPolicy
INFO: Access control policy loaded: {technician=[restart, queue, status], user=[print, queue]}
Nov 18, 2023 7:08:40 PM com.security.PrintServerImpl login
INFO: User test logged in. Role: admin, Token: e2a8363a-a104-4e14-9ded-5eaee2590f51
Nov 18, 2023 7:08:40 PM com.security.PrintServerImpl getUserRole
INFO: Retrieved role for token e2a8363a-a104-4e14-9ded-5eaee2590f51: admin
Nov 18, 2023 7:08:40 PM com.security.PrintServerImpl addInheritedPermissions
INFO: Added permissions for inherited role: technician, Permissions: []
Nov 18, 2023 7:08:40 PM com.security.PrintServerImpl addInheritedPermissions
INFO: Added permissions for inherited role: user, Permissions: []
Nov 18, 2023 7:08:40 PM com.security.PrintServerImpl isUserAllowed
INFO: Checking access for method: print, Token: e2a8363a-a104-4e14-9ded-5eaee2590f51, UserRole: admin, Effective Permissions: []
Nov 18, 2023 7:08:40 PM com.security.PrintServerImpl print
SEVERE: Unauthorized access attempt to print by token: e2a8363a-a104-4e14-9ded-5eaee2590f51
Nov 18, 2023 7:13:32 PM com.security.PrintServerImpl loadUserCredentials
INFO: User credentials have been loaded from userCredentials.properties
Nov 18, 2023 7:13:32 PM com.security.PrintServerImpl loadAccessControlPolicy
INFO: Access control policy loaded: {technician=[restart, queue, status], user=[print, queue]}
Nov 18, 2023 7:13:36 PM com.security.PrintServerImpl login
INFO: User test logged in. Role: admin, Token: dd8468c0-d98c-4e07-87c4-8b99a92b3aa7
Nov 18, 2023 7:13:36 PM com.security.PrintServerImpl getUserRole
INFO: Retrieved role for token dd8468c0-d98c-4e07-87c4-8b99a92b3aa7: admin
Nov 18, 2023 7:13:36 PM com.security.PrintServerImpl isUserAllowed
INFO: Checking access for method: print, Token: dd8468c0-d98c-4e07-87c4-8b99a92b3aa7, UserRole: admin, Effective Permissions: [print, restart, queue, status]
Nov 18, 2023 7:21:31 PM com.security.PrintServerImpl loadUserCredentials
INFO: User credentials have been loaded from userCredentials.properties
Nov 18, 2023 7:21:31 PM com.security.PrintServerImpl loadAccessControlPolicy
INFO: Access control policy loaded: {technician=[restart, queue, status], user=[print, queue]}
Nov 18, 2023 7:21:41 PM com.security.PrintServerImpl login
INFO: User test logged in. Role: admin, Token: 7db8d63a-7a98-4b69-91fc-b39bad13b8ec
Nov 18, 2023 7:21:41 PM com.security.PrintServerImpl getUserRole
INFO: Retrieved role for token 7db8d63a-7a98-4b69-91fc-b39bad13b8ec: admin
Nov 18, 2023 7:21:41 PM com.security.PrintServerImpl isUserAllowed
INFO: Checking access for method: print, Token: 7db8d63a-7a98-4b69-91fc-b39bad13b8ec, UserRole: admin, Effective Permissions: [print, restart, queue, status]
Nov 18, 2023 7:26:01 PM com.security.PrintServerImpl loadUserCredentials
INFO: User credentials have been loaded from userCredentials.properties
Nov 18, 2023 7:26:02 PM com.security.PrintServerImpl loadAccessControlPolicy
INFO: Access control policy loaded: {technician=[restart, queue, status], user=[print, queue]}
Nov 18, 2023 7:26:05 PM com.security.PrintServerImpl login
INFO: User test logged in. Role: admin, Token: e5969ae8-30ad-4b62-b07a-007fc41ff26e
Nov 18, 2023 7:26:05 PM com.security.PrintServerImpl getUserRole
INFO: Retrieved role for token e5969ae8-30ad-4b62-b07a-007fc41ff26e: admin
Nov 18, 2023 7:26:05 PM com.security.PrintServerImpl isUserAllowed
INFO: Checking access for method: print, Token: e5969ae8-30ad-4b62-b07a-007fc41ff26e, UserRole: admin, Effective Permissions: [print, restart, queue, status]
Nov 18, 2023 7:57:16 PM com.security.PrintServerImpl loadUserCredentials
INFO: User credentials have been loaded from userCredentials.properties
Nov 18, 2023 7:57:16 PM com.security.PrintServerImpl loadAccessControlPolicy
INFO: Access control policy loaded: {technician=[readConfig, stop, restart, start, setConfig], power=[restart, topQueue], user=[print, queue]}
Nov 18, 2023 7:58:06 PM com.security.PrintServerImpl login
INFO: User george logged in. Role: technician, Token: e27e651b-97a9-4124-9448-a8d6e7583d80
Nov 18, 2023 7:58:06 PM com.security.PrintServerImpl getUserRole
INFO: Retrieved role for token e27e651b-97a9-4124-9448-a8d6e7583d80: technician
Nov 18, 2023 7:58:06 PM com.security.PrintServerImpl isUserAllowed
INFO: Checking access for method: print, Token: e27e651b-97a9-4124-9448-a8d6e7583d80, UserRole: technician, Effective Permissions: []
Nov 18, 2023 7:58:06 PM com.security.PrintServerImpl print
SEVERE: Unauthorized access attempt to print by token: e27e651b-97a9-4124-9448-a8d6e7583d80
Nov 18, 2023 7:59:00 PM com.security.PrintServerImpl loadUserCredentials
INFO: User credentials have been loaded from userCredentials.properties
Nov 18, 2023 7:59:00 PM com.security.PrintServerImpl loadAccessControlPolicy
INFO: Access control policy loaded: {technician=[readConfig, stop, restart, start, setConfig], power=[restart, topQueue], user=[print, queue]}
Nov 18, 2023 7:59:00 PM com.security.PrintServerImpl reloadConfigurations
INFO: Configuration reloaded successfully.
Nov 18, 2023 7:59:09 PM com.security.PrintServerImpl login
INFO: User george logged in. Role: user, Token: 60739a73-e98e-419d-acfa-864cd8eaea02
Nov 18, 2023 7:59:09 PM com.security.PrintServerImpl getUserRole
INFO: Retrieved role for token 60739a73-e98e-419d-acfa-864cd8eaea02: user
Nov 18, 2023 7:59:09 PM com.security.PrintServerImpl isUserAllowed
INFO: Checking access for method: print, Token: 60739a73-e98e-419d-acfa-864cd8eaea02, UserRole: user, Effective Permissions: []
Nov 18, 2023 7:59:09 PM com.security.PrintServerImpl print
SEVERE: Unauthorized access attempt to print by token: 60739a73-e98e-419d-acfa-864cd8eaea02
Nov 18, 2023 7:59:32 PM com.security.PrintServerImpl loadUserCredentials
INFO: User credentials have been loaded from userCredentials.properties
Nov 18, 2023 7:59:32 PM com.security.PrintServerImpl loadAccessControlPolicy
INFO: Access control policy loaded: {technician=[readConfig, stop, restart, start, setConfig], power=[restart, topQueue], user=[print, queue]}
Nov 18, 2023 7:59:32 PM com.security.PrintServerImpl reloadConfigurations
INFO: Configuration reloaded successfully.
Nov 18, 2023 7:59:44 PM com.security.PrintServerImpl login
INFO: User george logged in. Role: admin, Token: b59913c8-26e9-494f-afb5-1eabb8f69a06
Nov 18, 2023 7:59:44 PM com.security.PrintServerImpl getUserRole
INFO: Retrieved role for token b59913c8-26e9-494f-afb5-1eabb8f69a06: admin
Nov 18, 2023 7:59:44 PM com.security.PrintServerImpl isUserAllowed
INFO: Checking access for method: print, Token: b59913c8-26e9-494f-afb5-1eabb8f69a06, UserRole: admin, Effective Permissions: [readConfig, print, stop, restart, start, topQueue, queue, setConfig]
Nov 20, 2023 1:34:38 PM com.security.PrintServerImpl loadUserCredentials
INFO: User credentials have been loaded from userCredentials.properties
Nov 20, 2023 1:34:38 PM com.security.PrintServerImpl loadAccessControlPolicy
INFO: Access control policy loaded: {technician=[readConfig, stop, restart, start, setConfig], power=[restart, topQueue], user=[print, queue]}
Nov 20, 2023 1:34:53 PM com.security.PrintServerImpl login
INFO: User henry logged in. Role: user, Token: 60816a91-4129-462b-9518-b08f278a606c
Nov 20, 2023 1:34:53 PM com.security.PrintServerImpl getUserRole
INFO: Retrieved role for token 60816a91-4129-462b-9518-b08f278a606c: user
Nov 20, 2023 1:34:53 PM com.security.PrintServerImpl isUserAllowed
INFO: Checking access for method: print, Token: 60816a91-4129-462b-9518-b08f278a606c, UserRole: user, Effective Permissions: []
Nov 20, 2023 1:34:53 PM com.security.PrintServerImpl print
SEVERE: Unauthorized access attempt to print by token: 60816a91-4129-462b-9518-b08f278a606c
Nov 20, 2023 1:35:56 PM com.security.PrintServerImpl loadUserCredentials
INFO: User credentials have been loaded from userCredentials.properties
Nov 20, 2023 1:35:56 PM com.security.PrintServerImpl loadAccessControlPolicy
INFO: Access control policy loaded: {technician=[readConfig, stop, restart, start, setConfig], power=[restart, topQueue], user=[print, queue]}
Nov 20, 2023 1:36:01 PM com.security.PrintServerImpl login
INFO: User henry logged in. Role: user, Token: 01fad894-715d-4cae-bb79-322b6531a202
Nov 20, 2023 1:36:01 PM com.security.PrintServerImpl getUserRole
INFO: Retrieved role for token 01fad894-715d-4cae-bb79-322b6531a202: user
Nov 20, 2023 1:36:16 PM com.security.PrintServerImpl login
INFO: User henry logged in. Role: user, Token: 84f3ca6a-6dcc-4383-89f3-2dc900c9e2cf
Nov 20, 2023 1:36:16 PM com.security.PrintServerImpl getUserRole
INFO: Retrieved role for token 84f3ca6a-6dcc-4383-89f3-2dc900c9e2cf: user
Nov 20, 2023 1:41:03 PM com.security.PrintServerImpl loadUserCredentials
INFO: User credentials have been loaded from userCredentials.properties
Nov 20, 2023 1:41:03 PM com.security.PrintServerImpl loadAccessControlPolicy
INFO: Access control policy loaded: {technician=[readConfig, stop, restart, start, setConfig], power=[restart, topQueue], user=[print, queue]}
Nov 20, 2023 1:41:08 PM com.security.PrintServerImpl login
INFO: User ida logged in. Role: powerUser, Token: e45ff61a-b9bc-430e-9379-b2fd82449b72
Nov 20, 2023 1:41:08 PM com.security.PrintServerImpl getUserRole
INFO: Retrieved role for token e45ff61a-b9bc-430e-9379-b2fd82449b72: powerUser
Nov 20, 2023 1:41:08 PM com.security.PrintServerImpl isUserAllowed
INFO: Checking access for method: print, Token: e45ff61a-b9bc-430e-9379-b2fd82449b72, UserRole: powerUser, Effective Permissions: [print, restart, topQueue, queue]
Nov 20, 2023 2:04:36 PM com.security.PrintServerImpl loadUserCredentials
INFO: User credentials have been loaded from userCredentials.properties
Nov 20, 2023 2:04:36 PM com.security.PrintServerImpl loadAccessControlPolicy
INFO: Access control policy loaded: {technician=[readConfig, stop, restart, start, setConfig], power=[restart, topQueue], user=[print, queue]}
Nov 20, 2023 2:04:48 PM com.security.PrintServerImpl login
INFO: User henry logged in. Role: user, Token: 302ecfe4-de4a-46c4-ba11-5edce5ce6115
Nov 20, 2023 2:04:48 PM com.security.PrintServerImpl getUserRole
INFO: Retrieved role for token 302ecfe4-de4a-46c4-ba11-5edce5ce6115: user
Nov 20, 2023 2:04:48 PM com.security.PrintServerImpl isUserAllowed
INFO: Checking access for method: print, Token: 302ecfe4-de4a-46c4-ba11-5edce5ce6115, UserRole: user, Effective Permissions: []
Nov 20, 2023 2:04:48 PM com.security.PrintServerImpl print
SEVERE: Unauthorized access attempt to print by token: 302ecfe4-de4a-46c4-ba11-5edce5ce6115
Nov 20, 2023 2:11:24 PM com.security.PrintServerImpl loadUserCredentials
INFO: User credentials have been loaded from userCredentials.properties
Nov 20, 2023 2:11:24 PM com.security.PrintServerImpl loadAccessControlPolicy
INFO: Access control policy loaded: {technician=[readConfig, stop, restart, start, setConfig], power=[restart, topQueue], user=[print, queue]}
Nov 20, 2023 2:11:31 PM com.security.PrintServerImpl login
INFO: User henry logged in. Role: user, Token: 189c5ad1-0684-4259-b3c6-5c72ac9374f2
Nov 20, 2023 2:11:31 PM com.security.PrintServerImpl getUserRole
INFO: Retrieved role for token 189c5ad1-0684-4259-b3c6-5c72ac9374f2: user
Nov 20, 2023 2:11:31 PM com.security.PrintServerImpl isUserAllowed
INFO: Checking access for method: print, Token: 189c5ad1-0684-4259-b3c6-5c72ac9374f2, UserRole: user, Effective Permissions: []
Nov 20, 2023 2:11:31 PM com.security.PrintServerImpl print
SEVERE: Unauthorized access attempt to print by token: 189c5ad1-0684-4259-b3c6-5c72ac9374f2
Nov 20, 2023 2:14:33 PM com.security.PrintServerImpl loadUserCredentials
INFO: User credentials have been loaded from userCredentials.properties
Nov 20, 2023 2:14:33 PM com.security.PrintServerImpl loadAccessControlPolicy
INFO: Access control policy loaded: {technician=[readConfig, stop, restart, start, setConfig], power=[restart, topQueue], user=[print, queue]}
Nov 20, 2023 2:14:38 PM com.security.PrintServerImpl login
INFO: User henry logged in. Role: user, Token: a5ed945d-91dc-4cf1-9458-329f668888a4
Nov 20, 2023 2:14:38 PM com.security.PrintServerImpl getUserRole
INFO: Retrieved role for token a5ed945d-91dc-4cf1-9458-329f668888a4: user
Nov 20, 2023 2:14:38 PM com.security.PrintServerImpl isUserAllowed
INFO: Checking access for method: print, Token: a5ed945d-91dc-4cf1-9458-329f668888a4, UserRole: user, Effective Permissions: [print, queue]
11月 20, 2023 2:26:26 下午 com.security.PrintServerImpl loadUserCredentials
信息: User credentials have been loaded from userCredentials.properties
11月 20, 2023 2:26:26 下午 com.security.PrintServerImpl loadAccessControlPolicy
信息: Access control policy loaded: {technician=[readConfig, stop, restart, start, setConfig], power=[restart, topQueue], user=[print, queue]}
11月 20, 2023 2:26:37 下午 com.security.PrintServerImpl login
信息: User henry logged in. Role: user, Token: d3a2ccac-ac5c-4405-85aa-04624e43f8b2
11月 20, 2023 2:26:37 下午 com.security.PrintServerImpl getUserRole
信息: Retrieved role for token d3a2ccac-ac5c-4405-85aa-04624e43f8b2: user
11月 20, 2023 2:26:37 下午 com.security.PrintServerImpl isUserAllowed
信息: Checking access for method: print, Token: d3a2ccac-ac5c-4405-85aa-04624e43f8b2, UserRole: user, Effective Permissions: [print, queue]
11月 20, 2023 2:27:26 下午 com.security.PrintServerImpl login
信息: User henry logged in. Role: user, Token: 44644bef-3f2a-4233-8849-ab7b32f27231
11月 20, 2023 2:27:26 下午 com.security.PrintServerImpl getUserRole
信息: Retrieved role for token 44644bef-3f2a-4233-8849-ab7b32f27231: user
11月 20, 2023 2:27:27 下午 com.security.PrintServerImpl isUserAllowed
信息: Checking access for method: print, Token: 44644bef-3f2a-4233-8849-ab7b32f27231, UserRole: user, Effective Permissions: [print, queue]
11月 20, 2023 2:33:44 下午 com.security.PrintServerImpl login
信息: User henry logged in. Role: user, Token: b65ccc9b-d8e7-4769-a580-86d4684e058b
11月 20, 2023 2:33:44 下午 com.security.PrintServerImpl getUserRole
信息: Retrieved role for token b65ccc9b-d8e7-4769-a580-86d4684e058b: user
11月 20, 2023 2:33:44 下午 com.security.PrintServerImpl isUserAllowed
信息: Checking access for method: print, Token: b65ccc9b-d8e7-4769-a580-86d4684e058b, UserRole: user, Effective Permissions: [print, queue]
11月 20, 2023 2:33:51 下午 com.security.PrintServerImpl login
信息: User henry logged in. Role: user, Token: aa80ac3f-1814-467c-876e-040493338c07
11月 20, 2023 2:33:51 下午 com.security.PrintServerImpl getUserRole
信息: Retrieved role for token aa80ac3f-1814-467c-876e-040493338c07: user
11月 20, 2023 2:33:51 下午 com.security.PrintServerImpl isUserAllowed
信息: Checking access for method: print, Token: aa80ac3f-1814-467c-876e-040493338c07, UserRole: user, Effective Permissions: [print, queue]
11月 20, 2023 2:34:09 下午 com.security.PrintServerImpl loadUserCredentials
信息: User credentials have been loaded from userCredentials.properties
11月 20, 2023 2:34:09 下午 com.security.PrintServerImpl loadAccessControlPolicy
信息: Access control policy loaded: {technician=[readConfig, stop, restart, start, setConfig], power=[restart, topQueue], user=[print, queue]}
11月 20, 2023 2:34:12 下午 com.security.PrintServerImpl loadUserCredentials
信息: User credentials have been loaded from userCredentials.properties
11月 20, 2023 2:34:12 下午 com.security.PrintServerImpl loadAccessControlPolicy
信息: Access control policy loaded: {technician=[readConfig, stop, restart, start, setConfig], power=[restart, topQueue], user=[print, queue]}
11月 20, 2023 2:34:12 下午 com.security.PrintServerImpl reloadConfigurations
信息: Configuration reloaded successfully.
11月 20, 2023 2:34:16 下午 com.security.PrintServerImpl login
信息: User henry logged in. Role: user, Token: 78ebd796-a68e-4bc6-a129-9a94d1793f62
11月 20, 2023 2:34:16 下午 com.security.PrintServerImpl getUserRole
信息: Retrieved role for token 78ebd796-a68e-4bc6-a129-9a94d1793f62: user
11月 20, 2023 2:34:16 下午 com.security.PrintServerImpl isUserAllowed
信息: Checking access for method: print, Token: 78ebd796-a68e-4bc6-a129-9a94d1793f62, UserRole: user, Effective Permissions: [print, queue]
11月 20, 2023 2:34:16 下午 com.security.PrintServerImpl getUserRole
信息: Retrieved role for token 78ebd796-a68e-4bc6-a129-9a94d1793f62: user
11月 20, 2023 2:34:16 下午 com.security.PrintServerImpl isUserAllowed
信息: Checking access for method: status, Token: 78ebd796-a68e-4bc6-a129-9a94d1793f62, UserRole: user, Effective Permissions: [print, queue]
11月 20, 2023 2:34:16 下午 com.security.PrintServerImpl status
严重: Unauthorized access attempt to start by token: 78ebd796-a68e-4bc6-a129-9a94d1793f62
11月 20, 2023 2:35:12 下午 com.security.PrintServerImpl login
信息: User george logged in. Role: admin, Token: db12e410-c557-467b-bd37-c4b65fb91f49
11月 20, 2023 2:35:12 下午 com.security.PrintServerImpl getUserRole
信息: Retrieved role for token db12e410-c557-467b-bd37-c4b65fb91f49: admin
11月 20, 2023 2:35:12 下午 com.security.PrintServerImpl isUserAllowed
信息: Checking access for method: print, Token: db12e410-c557-467b-bd37-c4b65fb91f49, UserRole: admin, Effective Permissions: [readConfig, print, stop, restart, start, topQueue, queue, setConfig]
11月 20, 2023 2:35:12 下午 com.security.PrintServerImpl getUserRole
信息: Retrieved role for token db12e410-c557-467b-bd37-c4b65fb91f49: admin
11月 20, 2023 2:35:12 下午 com.security.PrintServerImpl isUserAllowed
信息: Checking access for method: status, Token: db12e410-c557-467b-bd37-c4b65fb91f49, UserRole: admin, Effective Permissions: [readConfig, print, stop, restart, start, topQueue, queue, setConfig]
11月 20, 2023 2:35:12 下午 com.security.PrintServerImpl status
严重: Unauthorized access attempt to start by token: db12e410-c557-467b-bd37-c4b65fb91f49
11月 20, 2023 2:37:12 下午 com.security.PrintServerImpl loadUserCredentials
信息: User credentials have been loaded from userCredentials.properties
11月 20, 2023 2:37:12 下午 com.security.PrintServerImpl loadAccessControlPolicy
信息: Access control policy loaded: {technician=[readConfig, stop, restart, start, setConfig, status], power=[restart, topQueue], user=[print, queue]}
11月 20, 2023 2:37:18 下午 com.security.PrintServerImpl loadUserCredentials
信息: User credentials have been loaded from userCredentials.properties
11月 20, 2023 2:37:18 下午 com.security.PrintServerImpl loadAccessControlPolicy
信息: Access control policy loaded: {technician=[readConfig, stop, restart, start, setConfig, status], power=[restart, topQueue], user=[print, queue]}
11月 20, 2023 2:37:18 下午 com.security.PrintServerImpl reloadConfigurations
信息: Configuration reloaded successfully.
11月 20, 2023 2:37:23 下午 com.security.PrintServerImpl login
信息: User george logged in. Role: admin, Token: 7f652ce7-f501-48a1-8e25-762fa02d5770
11月 20, 2023 2:37:23 下午 com.security.PrintServerImpl getUserRole
信息: Retrieved role for token 7f652ce7-f501-48a1-8e25-762fa02d5770: admin
11月 20, 2023 2:37:23 下午 com.security.PrintServerImpl isUserAllowed
信息: Checking access for method: print, Token: 7f652ce7-f501-48a1-8e25-762fa02d5770, UserRole: admin, Effective Permissions: [readConfig, print, stop, restart, start, topQueue, queue, setConfig, status]
11月 20, 2023 2:37:23 下午 com.security.PrintServerImpl getUserRole
信息: Retrieved role for token 7f652ce7-f501-48a1-8e25-762fa02d5770: admin
11月 20, 2023 2:37:23 下午 com.security.PrintServerImpl isUserAllowed
信息: Checking access for method: status, Token: 7f652ce7-f501-48a1-8e25-762fa02d5770, UserRole: admin, Effective Permissions: [readConfig, print, stop, restart, start, topQueue, queue, setConfig, status]
